d:\8311\number7\c++\operator\operator\debug\main.obj
d:\8311\number7\c++\operator\operator\debug\vc100.pdb
d:\8311\number7\c++\operator\operator\debug\rational.obj
d:\8311\number7\c++\operator\debug\operator.ilk
d:\8311\number7\c++\operator\debug\operator.exe
d:\8311\number7\c++\operator\operator\debug\operator.exe.intermediate.manifest
d:\8311\number7\c++\operator\debug\operator.pdb
g:\operator\operator\debug\operator.vcxprojresolveassemblyreference.cache
g:\operator\operator\debug\main.obj
g:\operator\operator\debug\rational.obj
g:\operator\operator\debug\cl.command.1.tlog
g:\operator\operator\debug\cl.read.1.tlog
g:\operator\operator\debug\cl.write.1.tlog
g:\operator\operator\debug\link.command.1.tlog
g:\operator\operator\debug\link.read.1.tlog
g:\operator\operator\debug\link.write.1.tlog
g:\operator\operator\debug\mt.command.1.tlog
g:\operator\operator\debug\mt.read.1.tlog
g:\operator\operator\debug\mt.write.1.tlog
g:\operator\operator\debug\operator.write.1.tlog
g:\operator\operator\debug\operator.exe.intermediate.manifest
g:\operator\operator\debug\vc100.idb
g:\operator\operator\debug\vc100.pdb
g:\operator\debug\operator.pdb
g:\operator\debug\operator.exe
g:\operator\debug\operator.ilk
